{
  "RSpec": {
    "coverage": {
      "/Users/vhench/Documents/open-data-maker/config/env.rb": [
        null,
        null,
        null,
        1,
        1,
        1,
        null,
        null,
        1,
        1,
        1,
        1,
        null,
        null,
        1,
        1
      ],
      "/Users/vhench/Documents/open-data-maker/lib/data_magic/config.rb": [
        1,
        null,
        1,
        1,
        1,
        1,
        1,
        null,
        1,
        null,
        1,
        259,
        259,
        259,
        259,
        259,
        259,
        259,
        259,
        259,
        null,
        null,
        1,
        142,
        142,
        142,
        142,
        null,
        142,
        142,
        34,
        null,
        142,
        25,
        null,
        117,
        null,
        null,
        null,
        1,
        173,
        null,
        null,
        1,
        101,
        null,
        null,
        null,
        null,
        1,
        2477,
        null,
        null,
        1,
        0,
        0,
        0,
        0,
        0,
        null,
        null,
        0,
        null,
        null,
        1,
        0,
        null,
        null,
        1,
        0,
        null,
        null,
        1,
        0,
        0,
        0,
        null,
        null,
        1,
        106,
        106,
        106,
        106,
        null,
        null,
        null,
        1,
        0,
        null,
        null,
        1,
        2602,
        null,
        null,
        1,
        898,
        null,
        null,
        1,
        28894,
        null,
        null,
        null,
        null,
        1,
        262,
        null,
        null,
        1,
        551,
        551,
        551,
        551,
        null,
        null,
        1,
        3448,
        3448,
        3448,
        null,
        null,
        null,
        null,
        1,
        0,
        null,
        null,
        1,
        309,
        null,
        null,
        1,
        131,
        null,
        null,
        1,
        2,
        2,
        null,
        null,
        1,
        6,
        6,
        17,
        0,
        null,
        null,
        null,
        null,
        null,
        null,
        null,
        null,
        1,
        null,
        19,
        19,
        null,
        85,
        895,
        null,
        85,
        null,
        19,
        null,
        null,
        null,
        null,
        1,
        47,
        47,
        47,
        null,
        1088,
        null,
        47,
        47,
        141,
        null,
        47,
        null,
        null,
        1,
        87,
        null,
        null,
        null,
        null,
        null,
        1,
        2488,
        88,
        88,
        388,
        388,
        null,
        null,
        2488,
        null,
        null,
        null,
        null,
        null,
        null,
        1,
        28894,
        74,
        74,
        380,
        380,
        380,
        null,
        null,
        28894,
        null,
        null,
        null,
        1,
        474,
        65,
        null,
        65,
        374,
        null,
        253,
        253,
        null,
        121,
        121,
        121,
        null,
        null,
        0,
        null,
        null,
        null,
        null,
        null,
        474,
        null,
        null,
        1,
        2477,
        89,
        89,
        389,
        389,
        12,
        null,
        null,
        null,
        null,
        2477,
        null,
        null,
        1,
        165,
        null,
        null,
        null,
        null,
        null,
        1,
        225,
        87,
        87,
        null,
        87,
        null,
        113,
        36,
        null,
        77,
        77,
        null,
        null,
        null,
        87,
        373,
        null,
        373,
        373,
        24,
        null,
        null,
        null,
        225,
        null,
        null,
        1,
        null,
        null,
        41,
        41,
        41,
        41,
        41,
        41,
        41,
        null,
        null,
        1,
        0,
        0,
        null,
        null,
        null,
        null,
        1,
        41,
        41,
        41,
        null,
        41,
        41,
        null,
        41,
        null,
        null,
        1,
        283,
        283,
        283,
        null,
        null,
        null,
        1,
        41,
        41,
        41,
        null,
        0,
        0,
        0,
        null,
        0,
        null,
        null,
        41,
        41,
        null,
        41,
        null,
        null,
        null,
        null,
        null,
        1,
        2,
        null,
        null,
        null,
        2,
        2,
        0,
        null,
        0,
        0,
        null,
        null,
        0,
        null,
        0,
        null,
        null,
        2,
        null,
        0,
        0,
        null,
        2,
        null,
        null,
        null,
        null,
        null,
        1,
        323,
        null,
        323,
        null,
        8,
        8,
        null,
        0,
        0,
        null,
        null,
        323,
        null,
        null,
        null,
        null,
        null,
        null,
        null,
        null,
        null,
        1,
        325,
        325,
        325,
        325,
        null,
        323,
        null,
        2,
        2,
        2,
        null,
        0,
        null,
        325,
        null,
        null,
        1,
        117,
        117,
        117,
        117,
        117,
        2,
        null,
        null,
        115,
        null,
        null,
        1,
        46,
        46,
        null,
        3,
        null,
        null,
        null,
        null,
        1,
        69,
        69,
        null,
        null,
        null,
        null,
        null,
        1,
        null,
        null,
        115,
        115,
        46,
        46,
        null,
        69,
        69,
        123,
        123,
        0,
        null,
        null,
        123,
        null,
        null,
        null,
        241,
        null,
        115,
        null,
        null,
        1,
        48,
        48,
        null,
        null,
        1,
        2475,
        null,
        null,
        1,
        null,
        117,
        117,
        115,
        null,
        115,
        115,
        115,
        115,
        115,
        115,
        115,
        null,
        null,
        115,
        null,
        null,
        115,
        115,
        null,
        null,
        1,
        189,
        189,
        189,
        null,
        null,
        189,
        72,
        null,
        117,
        null,
        187,
        null,
        null,
        null,
        null
      ],
      "/Users/vhench/Documents/open-data-maker/lib/data_magic.rb": [
        1,
        1,
        1,
        1,
        1,
        1,
        1,
        1,
        1,
        1,
        1,
        1,
        1,
        null,
        1,
        1,
        1,
        1,
        1,
        null,
        1,
        null,
        1,
        1,
        1,
        null,
        null,
        1,
        1,
        1,
        1,
        1632,
        null,
        null,
        null,
        1,
        1,
        1,
        1,
        1,
        null,
        1,
        null,
        null,
        1,
        49,
        0,
        0,
        0,
        null,
        0,
        null,
        null,
        0,
        0,
        0,
        0,
        null,
        0,
        0,
        null,
        null,
        49,
        null,
        null,
        null,
        null,
        null,
        null,
        null,
        null,
        1,
        71,
        71,
        71,
        null,
        71,
        71,
        71,
        null,
        71,
        71,
        null,
        null,
        71,
        null,
        null,
        null,
        null,
        null,
        null,
        71,
        2,
        null,
        null,
        71,
        null,
        71,
        71,
        null,
        71,
        71,
        null,
        null,
        71,
        71,
        71,
        null,
        null,
        71,
        71,
        71,
        0,
        0,
        null,
        null,
        null,
        null,
        71,
        null,
        71,
        null,
        344,
        null,
        null,
        null,
        null,
        null,
        30,
        50,
        null,
        null,
        50,
        50,
        50,
        null,
        null,
        50,
        50,
        null,
        50,
        null,
        null,
        null,
        103,
        null,
        null,
        null,
        null,
        50,
        50,
        55,
        2,
        null,
        null,
        null,
        null,
        null,
        50,
        50,
        0,
        0,
        0,
        0,
        null,
        0,
        0,
        null,
        null,
        0,
        null,
        null,
        0,
        0,
        0,
        null,
        0,
        null,
        null,
        0,
        null,
        null,
        null,
        0,
        null,
        null,
        null,
        null,
        50,
        0,
        null,
        null,
        null,
        null,
        50,
        null,
        50,
        null,
        null,
        null,
        null,
        71,
        null,
        null,
        null,
        71,
        0,
        0,
        null,
        null,
        null,
        null,
        null,
        71,
        null,
        null,
        null,
        71,
        null,
        2,
        2,
        4,
        20,
        null,
        null,
        2,
        null,
        null,
        null,
        2,
        null,
        null,
        71,
        null,
        null,
        1,
        null,
        1,
        259,
        642,
        192,
        192,
        192,
        null,
        null,
        null,
        null,
        192,
        192,
        null,
        null,
        null,
        null,
        1,
        192,
        192,
        0,
        0,
        0,
        null,
        null,
        192,
        null,
        null,
        1,
        null,
        67,
        67,
        67,
        67,
        null,
        67,
        67,
        null,
        0,
        0,
        null,
        0,
        0,
        null,
        null,
        67,
        null,
        null,
        1,
        67,
        67,
        null,
        67,
        null,
        null,
        null,
        null,
        null,
        null,
        null,
        null,
        null,
        null,
        null,
        null,
        null,
        null,
        null,
        null,
        null,
        null,
        null,
        null,
        null,
        null,
        null,
        null,
        null,
        null,
        null,
        null,
        null,
        null,
        null,
        null,
        null,
        null,
        null,
        null,
        null,
        null,
        null,
        null,
        null,
        null,
        null,
        1,
        null,
        69,
        null,
        null,
        null,
        null,
        null,
        69,
        468,
        468,
        null,
        null,
        null,
        null,
        null,
        null,
        null,
        1,
        71,
        71,
        71,
        71,
        0,
        0,
        0,
        null,
        null,
        71,
        null,
        71,
        null,
        null,
        1,
        41,
        41,
        0,
        null,
        41,
        41,
        41,
        41,
        null,
        41,
        null,
        null,
        null,
        null,
        null,
        1,
        0,
        0,
        0,
        0,
        0,
        null,
        null,
        0,
        0,
        0,
        0,
        0,
        null,
        null,
        null,
        null,
        1,
        0,
        0,
        0,
        0,
        0,
        null,
        0,
        null,
        null,
        1,
        833,
        null,
        null,
        833,
        null,
        null,
        null,
        null,
        null,
        null,
        833,
        0,
        0,
        0,
        null,
        833,
        0,
        0,
        0,
        0,
        null,
        0,
        0,
        null,
        0,
        0,
        0,
        0,
        null,
        833,
        null,
        null,
        null,
        null,
        null,
        null,
        null,
        null,
        1,
        50,
        50,
        50,
        null,
        null,
        50,
        null,
        49,
        48,
        48,
        47,
        null,
        null,
        null,
        null,
        null,
        1,
        197,
        197,
        197,
        197,
        null,
        null
      ],
      "/Users/vhench/Documents/open-data-maker/lib/nested_hash.rb": [
        1,
        null,
        1,
        2642,
        2642,
        null,
        null,
        1,
        5228,
        19897,
        19897,
        19897,
        19897,
        26794,
        19897,
        null,
        6897,
        6897,
        null,
        null,
        null,
        5228,
        null,
        null,
        null,
        null,
        1,
        58,
        16,
        16,
        6,
        null,
        10,
        null,
        null,
        58,
        null,
        null,
        null,
        1,
        8,
        8,
        16,
        16,
        6,
        6,
        null,
        10,
        null,
        null,
        8,
        null,
        null,
        null,
        1,
        3,
        3,
        3,
        1,
        null,
        null,
        2,
        2,
        null,
        null,
        null
      ],
      "/Users/vhench/Documents/open-data-maker/lib/data_magic/index.rb": [
        1,
        1,
        null,
        1,
        1,
        1,
        1,
        1,
        1,
        1,
        1,
        1,
        1,
        1,
        null,
        1,
        1,
        null,
        1,
        null,
        1,
        138,
        null,
        null,
        1,
        72,
        72,
        72,
        null,
        null,
        1,
        71,
        71,
        71,
        null,
        null,
        1,
        null,
        131,
        131,
        131,
        131,
        131,
        131,
        130,
        130,
        1,
        0,
        null,
        null,
        null,
        null,
        1,
        63,
        null,
        63,
        63,
        0,
        0,
        null,
        null,
        63,
        null,
        63,
        63,
        122,
        122,
        122,
        122,
        122,
        122,
        122,
        122,
        122,
        null,
        62,
        null,
        null,
        1,
        72,
        72,
        72,
        null,
        null,
        647,
        null,
        1326,
        null,
        72,
        null,
        null,
        1,
        63,
        63,
        63,
        63,
        19,
        19,
        null,
        null,
        63,
        null,
        null,
        null,
        1,
        null,
        9,
        9,
        null,
        9,
        9,
        36,
        9,
        null,
        null,
        null,
        9,
        0,
        null,
        null,
        9,
        null,
        null,
        9,
        9,
        9,
        null,
        9,
        9,
        9,
        null,
        9,
        9,
        9,
        9,
        9,
        9,
        9,
        null,
        9,
        null,
        0,
        null,
        null,
        null,
        null,
        1,
        9,
        9,
        9,
        9,
        null,
        null,
        1,
        1,
        89,
        null,
        null,
        null
      ],
      "/Users/vhench/Documents/open-data-maker/lib/data_magic/index/builder_data.rb": [
        1,
        1,
        1,
        1,
        null,
        1,
        138,
        138,
        null,
        null,
        1,
        2591,
        null,
        null,
        1,
        2591,
        2591,
        null,
        null,
        1,
        2591,
        null,
        null,
        null,
        null
      ],
      "/Users/vhench/Documents/open-data-maker/lib/data_magic/index/event_logger.rb": [
        1,
        1,
        1,
        1,
        829,
        null,
        null,
        1,
        4,
        null,
        null,
        null,
        null,
        null,
        null,
        1,
        829,
        427,
        427,
        136,
        null,
        291,
        null,
        427,
        null,
        null,
        null,
        null
      ],
      "/Users/vhench/Documents/open-data-maker/lib/data_magic/index/document.rb": [
        1,
        1,
        1,
        1,
        null,
        1,
        2460,
        2460,
        null,
        null,
        1,
        0,
        null,
        null,
        1,
        135,
        null,
        null,
        1,
        0,
        null,
        null,
        1,
        2456,
        null,
        null,
        1,
        null,
        1,
        2460,
        3034,
        null,
        null,
        1,
        3976,
        null,
        null,
        null,
        null
      ],
      "/Users/vhench/Documents/open-data-maker/lib/data_magic/index/document_builder.rb": [
        1,
        null,
        1,
        1,
        1,
        1,
        1,
        0,
        null,
        null,
        null,
        null,
        null,
        null,
        null,
        null,
        1,
        2477,
        2477,
        2477,
        2477,
        2476,
        138,
        null,
        2338,
        null,
        2476,
        2476,
        2476,
        2476,
        2476,
        100,
        100,
        100,
        null,
        2376,
        2376,
        null,
        2476,
        null,
        null,
        1,
        2453,
        2453,
        null,
        0,
        0,
        0,
        null,
        0,
        null,
        null,
        null,
        1,
        null,
        1,
        2477,
        2477,
        12,
        null,
        2477,
        null,
        null,
        null,
        null,
        null,
        null,
        null,
        null,
        1,
        2477,
        2477,
        null,
        2477,
        2477,
        30654,
        1734,
        null,
        28920,
        28920,
        28919,
        null,
        1,
        null,
        null,
        null,
        2476,
        null,
        null,
        1,
        2476,
        2476,
        18515,
        17588,
        17588,
        null,
        2476,
        null,
        null,
        1,
        599,
        599,
        599,
        599,
        599,
        599,
        599,
        1199,
        0,
        null,
        1199,
        null,
        null,
        599,
        null,
        null,
        1,
        0,
        null,
        0,
        null,
        null,
        1,
        28955,
        null,
        28923,
        null,
        1440,
        null,
        1590,
        null,
        0,
        null,
        14,
        null,
        25879,
        null,
        28923,
        28923,
        null,
        null,
        1,
        14,
        null,
        1,
        null,
        1,
        null,
        6,
        null,
        6,
        null,
        null,
        null,
        null,
        1,
        12,
        12,
        12,
        12,
        12,
        12,
        12,
        12,
        24,
        null,
        12,
        null,
        null,
        null,
        null,
        null,
        null,
        1,
        2338,
        2338,
        29125,
        29125,
        29125,
        16954,
        16954,
        12171,
        26,
        null,
        null,
        2338,
        null,
        null,
        null,
        null,
        null,
        null,
        1,
        311,
        2676,
        null,
        2676,
        2676,
        null,
        null,
        null,
        null,
        null,
        null,
        null
      ],
      "/Users/vhench/Documents/open-data-maker/lib/expression/expression.rb": [
        1,
        1,
        1,
        1,
        null,
        1,
        1,
        1,
        null,
        1,
        10,
        10,
        null,
        null,
        1,
        20,
        20,
        null,
        null,
        1,
        12,
        12,
        12,
        null,
        null
      ],
      "/Users/vhench/Documents/open-data-maker/lib/expression/parser.rb": [
        1,
        null,
        null,
        null,
        null,
        null,
        null,
        null,
        null,
        null,
        null,
        null,
        null,
        null,
        null,
        null,
        1,
        1,
        27,
        27,
        null,
        27,
        5,
        null,
        27,
        27,
        null,
        27,
        null,
        null,
        27,
        null,
        null,
        1,
        26,
        null,
        null,
        null,
        1,
        26,
        null,
        null,
        null,
        null,
        1,
        null,
        null
      ],
      "/Users/vhench/Documents/open-data-maker/lib/expression/eval.rb": [
        null,
        1,
        1,
        1,
        55,
        null,
        null,
        null,
        1,
        25,
        null,
        null,
        1,
        4,
        null,
        null,
        null
      ],
      "/Users/vhench/Documents/open-data-maker/lib/expression/variables.rb": [
        1,
        null,
        1,
        1,
        1,
        25,
        null,
        1,
        12,
        null,
        null,
        1,
        0,
        null,
        null,
        null,
        null
      ],
      "/Users/vhench/Documents/open-data-maker/lib/data_magic/index/importer.rb": [
        1,
        null,
        1,
        1,
        1,
        1,
        null,
        1,
        138,
        138,
        138,
        null,
        null,
        1,
        138,
        138,
        136,
        135,
        null,
        null,
        1,
        5179,
        null,
        null,
        1,
        3003,
        null,
        null,
        1,
        0,
        null,
        null,
        1,
        10643,
        null,
        null,
        1,
        138,
        null,
        0,
        0,
        null,
        null,
        1,
        1,
        null,
        null,
        1,
        139,
        null,
        null,
        1,
        138,
        137,
        1,
        0,
        null,
        1,
        null,
        136,
        null,
        null,
        1,
        137,
        null,
        null,
        1428,
        null,
        2453,
        2452,
        null,
        null,
        null,
        1,
        1,
        null,
        null,
        2,
        null,
        1,
        1,
        1,
        0,
        0,
        null,
        null,
        0,
        0,
        0,
        null,
        0,
        null,
        null,
        null,
        1,
        0,
        null,
        null,
        0,
        null,
        null,
        0,
        null,
        null,
        null,
        0,
        0,
        0,
        null,
        0,
        null,
        null,
        0,
        null,
        0,
        0,
        0,
        null,
        null,
        0,
        null,
        null,
        1,
        2453,
        0,
        0,
        null,
        0,
        0,
        0,
        0,
        null,
        null,
        null,
        2453,
        null,
        null,
        null,
        1,
        0,
        0,
        0,
        0,
        null,
        0,
        null,
        null,
        null,
        1,
        0,
        0,
        null,
        null,
        1,
        138,
        138,
        null,
        null,
        1,
        136,
        135,
        135,
        null,
        null,
        1,
        958,
        138,
        138,
        138,
        null,
        null,
        1,
        135,
        135,
        null,
        null,
        1,
        823,
        null,
        null,
        1,
        4905,
        null,
        null,
        1,
        null,
        1,
        null,
        1,
        1,
        1,
        null,
        1,
        138,
        null,
        null,
        1,
        null,
        1,
        138,
        null,
        null,
        null,
        null
      ],
      "/Users/vhench/Documents/open-data-maker/lib/data_magic/index/output.rb": [
        1,
        1,
        1,
        1,
        null,
        1,
        137,
        137,
        null,
        null,
        1,
        2452,
        135,
        0,
        null,
        135,
        null,
        null,
        null,
        1,
        0,
        null,
        null,
        1,
        2452,
        null,
        null,
        1,
        136,
        null,
        null,
        1,
        2589,
        null,
        null,
        1,
        0,
        0,
        null,
        null,
        1,
        0,
        0,
        null,
        null,
        1,
        0,
        null,
        null,
        1,
        null,
        1,
        0,
        0,
        null,
        null,
        1,
        0,
        null,
        null,
        null,
        null
      ],
      "/Users/vhench/Documents/open-data-maker/lib/data_magic/index/repository.rb": [
        1,
        1,
        1,
        1,
        null,
        1,
        2458,
        2458,
        null,
        null,
        1,
        2455,
        null,
        null,
        1,
        2458,
        2458,
        1857,
        null,
        601,
        null,
        null,
        null,
        1,
        null,
        1,
        601,
        100,
        null,
        501,
        null,
        null,
        null,
        1,
        1857,
        null,
        null,
        null,
        null,
        null,
        null,
        null,
        null,
        1,
        601,
        0,
        null,
        601,
        null,
        null,
        null,
        null,
        null,
        null,
        null,
        null,
        null,
        1,
        100,
        null,
        1,
        null,
        null,
        1,
        0,
        0,
        null,
        null,
        0,
        null,
        null,
        null,
        null,
        null,
        0,
        0,
        null,
        null,
        0,
        0,
        0,
        null,
        null,
        0,
        null,
        null,
        0,
        0,
        0,
        0,
        null,
        null,
        null,
        1,
        0,
        0,
        null,
        null,
        0,
        0,
        0,
        null,
        0,
        0,
        null,
        null,
        0,
        0,
        null,
        null,
        0,
        null,
        null,
        null,
        null,
        null,
        0,
        0,
        0,
        0,
        null,
        null,
        null,
        null
      ],
      "/Users/vhench/Documents/open-data-maker/lib/data_magic/index/row_importer.rb": [
        1,
        null,
        1,
        1,
        1,
        1,
        null,
        1,
        2453,
        2453,
        null,
        null,
        1,
        2453,
        2452,
        2452,
        2452,
        2452,
        null,
        null,
        1,
        7492,
        null,
        null,
        1,
        4904,
        null,
        null,
        1,
        null,
        1,
        2453,
        2453,
        null,
        2452,
        0,
        0,
        0,
        null,
        null,
        null,
        1,
        2452,
        null,
        null,
        1,
        2452,
        null,
        null,
        1,
        2452,
        2452,
        null,
        null,
        1,
        2452,
        3,
        null,
        null,
        1,
        2453,
        null,
        null,
        1,
        null,
        1,
        null,
        1,
        2453,
        null,
        null,
        null,
        null
      ],
      "/Users/vhench/Documents/open-data-maker/lib/data_magic/index/super_client.rb": [
        1,
        null,
        1,
        1,
        1,
        1,
        null,
        1,
        138,
        138,
        null,
        null,
        1,
        138,
        null,
        null,
        1,
        135,
        null,
        null,
        1,
        2452,
        null,
        null,
        1,
        3051,
        null,
        null,
        1,
        597,
        null,
        null,
        1,
        2587,
        null,
        null,
        1,
        2725,
        null,
        null,
        1,
        null,
        1,
        null,
        null,
        null
      ],
      "/Users/vhench/Documents/open-data-maker/lib/data_magic/index/row_map.rb": [
        1,
        1,
        1,
        1,
        null,
        1,
        72,
        72,
        72,
        null,
        null,
        1,
        null,
        1326,
        null,
        null,
        1,
        0,
        null,
        null,
        1,
        144,
        144,
        null,
        null,
        null,
        null,
        null
      ],
      "/Users/vhench/Documents/open-data-maker/lib/data_magic/query_builder.rb": [
        1,
        1,
        1,
        null,
        1,
        109,
        109,
        109,
        null,
        null,
        109,
        null,
        null,
        null,
        null,
        null,
        109,
        109,
        null,
        null,
        109,
        109,
        109,
        null,
        null,
        109,
        109,
        null,
        109,
        109,
        0,
        0,
        109,
        0,
        0,
        null,
        null,
        109,
        32,
        null,
        null,
        109,
        null,
        null,
        null,
        null,
        null,
        null,
        109,
        2,
        null,
        null,
        109,
        null,
        109,
        null,
        109,
        null,
        null,
        1,
        null,
        1,
        109,
        109,
        109,
        null,
        null,
        null,
        null,
        null,
        1,
        2,
        6,
        4,
        null,
        6,
        null,
        null,
        2,
        null,
        null,
        1,
        117,
        null,
        null,
        1,
        117,
        0,
        null,
        null,
        null,
        1,
        32,
        32,
        32,
        41,
        0,
        null,
        null,
        null,
        32,
        null,
        null,
        1,
        185,
        null,
        109,
        109,
        null,
        109,
        0,
        0,
        null,
        null,
        null,
        109,
        null,
        null,
        109,
        null,
        null,
        null,
        null,
        1,
        0,
        null,
        null,
        0,
        null,
        null,
        null,
        null,
        null,
        null,
        0,
        null,
        null,
        1,
        0,
        0,
        null,
        0,
        0,
        0,
        0,
        null,
        0,
        null,
        null,
        0,
        null,
        0,
        null,
        null,
        1,
        0,
        0,
        0,
        0,
        null,
        null,
        0,
        0,
        0,
        null,
        0,
        null,
        0,
        null,
        null,
        null,
        null,
        0,
        null,
        null,
        1,
        0,
        null,
        0,
        0,
        null,
        0,
        0,
        0,
        0,
        null,
        null,
        0,
        null,
        null,
        1,
        0,
        null,
        null,
        1,
        null,
        0,
        null,
        null,
        null,
        null,
        null,
        null,
        null,
        null,
        null,
        null,
        null,
        1,
        0,
        null,
        null,
        1,
        0,
        null,
        0,
        null,
        null,
        1,
        0,
        null,
        0,
        null,
        null,
        1,
        0,
        0,
        0,
        null,
        0,
        null,
        null,
        1,
        0,
        null,
        0,
        null,
        0,
        null,
        null,
        null,
        1,
        0,
        0,
        null,
        0,
        0,
        null,
        0,
        null,
        null,
        1,
        0,
        0,
        null,
        null,
        0,
        0,
        0,
        null,
        0,
        null,
        null,
        0,
        null,
        0,
        null,
        null,
        1,
        0,
        0,
        null,
        0,
        null,
        null,
        0,
        null,
        null,
        1,
        0,
        null,
        null,
        null,
        null,
        null,
        1,
        9,
        13,
        13,
        null,
        13,
        13,
        null,
        null,
        null,
        1,
        18,
        null,
        null,
        1,
        109,
        76,
        76,
        6,
        70,
        18,
        52,
        16,
        16,
        36,
        3,
        null,
        33,
        null,
        null,
        109,
        null,
        null,
        1,
        16,
        6,
        null,
        null,
        null,
        null,
        null,
        1,
        16,
        6,
        null,
        10,
        null,
        null,
        null,
        null,
        null,
        1,
        18,
        null,
        null,
        null,
        null,
        null,
        null,
        null,
        null,
        null,
        1,
        3,
        null,
        null,
        null,
        null,
        null,
        1,
        10,
        12,
        12,
        12,
        12,
        null,
        12,
        null,
        null,
        null,
        null,
        null,
        1,
        109,
        109,
        null,
        109,
        null,
        3,
        3,
        3,
        null,
        109,
        null,
        null,
        1,
        null,
        null,
        null,
        null,
        null,
        null,
        null,
        null,
        109,
        32,
        null,
        77,
        0,
        null,
        null,
        77,
        null,
        null,
        null,
        109,
        0,
        null,
        null,
        109,
        null,
        null,
        null,
        null,
        null
      ],
      "/Users/vhench/Documents/open-data-maker/lib/data_magic/error_checker.rb": [
        1,
        1,
        1,
        1,
        1,
        1,
        94,
        null,
        null,
        null,
        null,
        null,
        null,
        null,
        null,
        null,
        1,
        null,
        1,
        94,
        0,
        null,
        94,
        null,
        null,
        null,
        1,
        null,
        94,
        1,
        null,
        null,
        null,
        null,
        1,
        94,
        2,
        null,
        null,
        null,
        null,
        null,
        null,
        1,
        94,
        13,
        2,
        null,
        null,
        1,
        160,
        null,
        1,
        1,
        null,
        null,
        null,
        1,
        94,
        14,
        6,
        null,
        90,
        null,
        null,
        null,
        1,
        94,
        66,
        null,
        null,
        null,
        null,
        null,
        null,
        94,
        4,
        null,
        null,
        null,
        1,
        94,
        66,
        61,
        61,
        61,
        61,
        null,
        94,
        4,
        null,
        null,
        null,
        null,
        null,
        1,
        20,
        20,
        20,
        null,
        null,
        0,
        null,
        2,
        null,
        6,
        null,
        1,
        null,
        4,
        null,
        4,
        null,
        2,
        null,
        1,
        null,
        20,
        null,
        null,
        1,
        65,
        null,
        15,
        null,
        2,
        null,
        2,
        null,
        46,
        null,
        null,
        null,
        1,
        76,
        null,
        null,
        1,
        30,
        null,
        null,
        null,
        null,
        null
      ],
      "/Users/vhench/Documents/open-data-maker/lib/zipcode/zipcode.rb": [
        null,
        null,
        null,
        null,
        null,
        null,
        null,
        null,
        1,
        null,
        1,
        1,
        null,
        1,
        116,
        116,
        116,
        null,
        null,
        1,
        5,
        null,
        null,
        1,
        1,
        1,
        1,
        1,
        41722,
        41722,
        41722,
        41722,
        null,
        1,
        null,
        null,
        null
      ],
      "/Users/vhench/Documents/open-data-maker/lib/data_magic/example.rb": [
        1,
        1,
        1,
        1,
        1,
        1,
        1,
        1,
        1,
        5,
        null,
        null,
        5,
        null,
        null,
        null
      ],
      "/Users/vhench/Documents/open-data-maker/lib/data_magic/category.rb": [
        1,
        1,
        0,
        0,
        0,
        0,
        0,
        null,
        0,
        0,
        null,
        null
      ],
      "/Users/vhench/Documents/open-data-maker/spec/lib/data_magic/config_field_types_spec.rb": [
        1,
        null,
        1,
        8,
        null,
        1,
        1,
        1,
        1,
        null,
        null,
        1,
        1,
        1,
        1,
        null,
        null,
        null,
        null,
        1,
        1,
        null,
        null,
        null,
        null,
        null,
        1,
        1,
        1,
        null,
        null,
        null,
        1,
        null,
        null,
        1,
        1,
        1,
        1,
        null,
        null,
        null,
        1,
        null,
        null,
        1,
        1,
        null,
        null,
        null,
        1,
        null,
        null,
        1,
        null,
        null,
        1,
        1,
        null,
        null,
        null,
        1,
        null,
        null,
        null,
        null,
        null,
        1,
        null,
        null,
        null,
        null,
        null,
        null,
        1,
        1,
        1,
        null,
        null,
        null,
        1,
        null,
        null,
        null,
        null,
        null,
        null,
        null
      ],
      "/Users/vhench/Documents/open-data-maker/spec/lib/data_magic/config_spec.rb": [
        1,
        null,
        1,
        1,
        1,
        null,
        null,
        1,
        1,
        1,
        1,
        null,
        null,
        1,
        1,
        1,
        1,
        1,
        null,
        null,
        1,
        1,
        1,
        1,
        null,
        null,
        null,
        1,
        1,
        1,
        1,
        1,
        null,
        null,
        null,
        null,
        null,
        1,
        null,
        null,
        1,
        1,
        1,
        null,
        null,
        1,
        1,
        1,
        null,
        1,
        null,
        null,
        1,
        1,
        null,
        null,
        null,
        null,
        null,
        1,
        1,
        1,
        null,
        1,
        null,
        1,
        1,
        1,
        null,
        null,
        null,
        1,
        9,
        null,
        1,
        8,
        null,
        null,
        1,
        1,
        1,
        null,
        null,
        null,
        1,
        null,
        1,
        null,
        null,
        null,
        null,
        null,
        null,
        1,
        1,
        null,
        1,
        null,
        1,
        1,
        1,
        null,
        null,
        1,
        1,
        1,
        null,
        null,
        1,
        1,
        4,
        1,
        3,
        null,
        1,
        1,
        null,
        1,
        1,
        null,
        null,
        1,
        1,
        1,
        null,
        null,
        null,
        null,
        1,
        1,
        1,
        null,
        null,
        1,
        1,
        1,
        null,
        null,
        null,
        null,
        1,
        2,
        1,
        1,
        null,
        null,
        null,
        null,
        null,
        null,
        null,
        null,
        null,
        null,
        null,
        null,
        null,
        null,
        null,
        null,
        1,
        null,
        null,
        null,
        1,
        3,
        1,
        1,
        null,
        1,
        1,
        null,
        null,
        1,
        1,
        null,
        null,
        null,
        null,
        1,
        1,
        null,
        null,
        null,
        null,
        null
      ],
      "/Users/vhench/Documents/open-data-maker/spec/lib/data_magic/create_index_spec.rb": [
        1,
        1,
        null,
        1,
        1,
        1,
        null,
        null,
        1,
        7,
        null,
        null,
        1,
        1,
        1,
        1,
        null,
        null,
        1,
        1,
        1,
        null,
        null,
        1,
        1,
        1,
        1,
        null,
        null,
        null,
        null,
        1,
        1,
        1,
        1,
        null,
        null,
        1,
        1,
        1,
        null,
        null,
        1,
        1,
        1,
        1,
        null,
        null,
        1,
        1,
        1,
        1,
        null,
        null,
        null,
        null,
        1,
        1,
        1,
        null,
        null,
        null
      ],
      "/Users/vhench/Documents/open-data-maker/spec/lib/data_magic/error_checker_spec.rb": [
        1,
        1,
        null,
        1,
        24,
        1,
        24,
        15,
        8,
        null,
        1,
        1,
        1,
        1,
        null,
        1,
        1,
        null,
        null,
        1,
        1,
        null,
        null,
        1,
        16,
        16,
        null,
        null,
        null,
        1,
        7,
        7,
        null,
        null,
        null,
        1,
        1,
        23,
        null,
        null,
        1,
        3,
        1,
        null,
        1,
        null,
        null,
        null,
        null,
        1,
        1,
        1,
        null,
        1,
        null,
        1,
        1,
        null,
        null,
        null,
        1,
        3,
        1,
        null,
        1,
        null,
        null,
        null,
        null,
        1,
        1,
        1,
        null,
        1,
        null,
        1,
        1,
        null,
        null,
        null,
        1,
        3,
        1,
        null,
        1,
        null,
        null,
        null,
        null,
        1,
        1,
        1,
        null,
        1,
        null,
        1,
        1,
        null,
        null,
        null,
        1,
        3,
        1,
        null,
        1,
        null,
        null,
        null,
        null,
        1,
        1,
        1,
        null,
        1,
        null,
        1,
        1,
        null,
        null,
        null,
        1,
        2,
        1,
        null,
        1,
        null,
        null,
        null,
        null,
        null,
        1,
        null,
        null,
        1,
        1,
        2,
        1,
        null,
        1,
        null,
        null,
        null,
        null,
        null,
        null,
        null,
        1,
        null,
        1,
        2,
        1,
        null,
        1,
        null,
        null,
        null,
        null,
        null,
        null,
        null,
        1,
        null,
        null,
        null,
        null,
        1,
        2,
        1,
        null,
        1,
        null,
        null,
        null,
        null,
        null,
        null,
        null,
        1,
        null,
        null,
        1,
        2,
        1,
        null,
        1,
        null,
        null,
        null,
        null,
        null,
        null,
        null,
        1,
        null,
        null,
        null,
        1,
        1,
        2,
        1,
        null,
        null,
        null,
        1,
        1,
        2,
        1,
        null,
        1,
        null,
        null,
        null,
        null,
        null,
        1,
        null,
        null,
        1,
        2,
        1,
        null,
        1,
        null,
        null,
        null,
        null,
        null,
        1,
        null,
        null,
        1,
        2,
        1,
        null,
        null,
        null,
        1,
        2,
        2,
        1,
        null,
        null,
        1,
        null,
        null,
        null,
        null,
        null,
        null,
        null,
        null,
        null,
        null,
        null,
        null,
        null,
        null,
        1,
        1,
        null,
        null,
        null,
        1,
        null,
        null,
        1,
        2,
        2,
        1,
        null,
        null,
        1,
        null,
        null,
        null,
        null,
        null,
        null,
        null,
        null,
        null,
        null,
        null,
        null,
        null,
        null,
        1,
        1,
        null,
        null,
        null,
        1,
        null,
        null,
        1,
        1,
        2,
        1,
        null,
        1,
        null,
        null,
        null,
        1,
        null,
        null,
        null,
        null,
        1,
        null,
        1,
        2,
        1,
        null,
        1,
        null,
        null,
        null,
        null,
        null,
        1,
        null,
        null,
        1,
        2,
        1,
        null,
        1,
        null,
        null,
        null,
        null,
        null,
        1,
        null,
        null,
        1,
        2,
        1,
        null,
        null,
        null,
        null
      ],
      "/Users/vhench/Documents/open-data-maker/spec/fixtures/data.rb": [
        null,
        null,
        1,
        3,
        null,
        null,
        null,
        null,
        null,
        null,
        null,
        null,
        null,
        null,
        3,
        3,
        null,
        null,
        1,
        1,
        null,
        null,
        null,
        null,
        null,
        null,
        null,
        null,
        null,
        null,
        null,
        1,
        1,
        null
      ],
      "/Users/vhench/Documents/open-data-maker/spec/lib/data_magic/example_spec.rb": [
        1,
        null,
        1,
        1,
        5,
        null,
        null,
        null,
        null,
        6,
        null,
        1,
        1,
        null,
        1,
        1,
        null,
        1,
        1,
        null,
        1,
        1,
        null,
        null,
        1,
        1,
        null,
        null
      ],
      "/Users/vhench/Documents/open-data-maker/spec/lib/data_magic/import_csv_spec.rb": [
        1,
        1,
        null,
        1,
        1,
        2,
        2,
        null,
        1,
        2,
        null,
        null,
        null,
        1,
        1,
        2,
        null,
        null,
        1,
        1,
        null,
        null,
        null,
        null,
        1,
        1,
        1,
        1,
        null,
        null,
        null
      ],
      "/Users/vhench/Documents/open-data-maker/spec/lib/data_magic/import_with_delta_file_spec.rb": [
        1,
        1,
        null,
        1,
        null,
        1,
        9,
        9,
        9,
        9,
        9,
        null,
        1,
        9,
        null,
        8,
        9,
        10,
        4,
        25,
        5,
        null,
        1,
        1,
        null,
        null,
        1,
        1,
        1,
        null,
        null,
        1,
        1,
        null,
        null,
        1,
        1,
        1,
        null,
        null,
        1,
        1,
        1,
        1,
        null,
        null,
        1,
        1,
        2,
        1,
        1,
        null,
        null,
        1,
        1,
        null,
        null,
        null,
        1,
        2,
        1,
        1,
        1,
        null,
        null,
        null,
        1,
        2,
        1,
        1,
        1,
        null,
        null,
        null,
        null,
        null
      ],
      "/Users/vhench/Documents/open-data-maker/spec/lib/data_magic/import_with_dictionary_spec.rb": [
        1,
        null,
        1,
        1,
        3,
        3,
        null,
        1,
        3,
        null,
        null,
        1,
        1,
        3,
        1,
        1,
        null,
        null,
        1,
        1,
        1,
        3,
        1,
        1,
        null,
        null,
        1,
        1,
        1,
        3,
        1,
        1,
        null,
        null,
        null,
        1,
        1,
        null,
        6,
        null,
        null,
        null,
        null,
        null,
        null,
        null,
        null,
        1,
        1,
        1,
        1,
        1,
        null,
        1,
        1,
        null,
        null,
        1,
        1,
        null,
        1,
        null,
        null,
        1,
        1,
        null,
        null,
        1,
        1,
        1,
        null,
        null,
        null,
        null,
        null,
        null,
        1,
        null,
        null,
        1,
        1,
        1,
        null,
        null,
        1,
        1,
        1,
        null,
        null,
        null,
        1,
        1,
        null,
        1,
        1,
        1,
        null,
        1,
        1,
        null,
        null,
        1,
        1,
        1,
        null,
        null,
        null,
        null,
        1,
        1,
        1,
        1,
        1,
        null,
        1,
        1,
        null,
        null,
        1,
        1,
        1,
        null,
        null,
        1,
        null,
        null,
        1,
        1,
        1,
        null,
        1,
        1,
        1,
        null,
        null,
        null,
        1,
        1,
        1,
        null,
        null,
        null,
        1,
        1,
        1,
        1,
        1,
        null,
        1,
        1,
        null,
        null,
        1,
        1,
        1,
        null,
        null,
        1,
        null,
        null,
        null,
        1,
        1,
        1,
        1,
        1,
        null,
        1,
        1,
        null,
        1,
        1,
        1,
        null,
        null,
        1,
        null,
        null,
        null,
        1,
        1,
        1,
        1,
        1,
        null,
        1,
        1,
        null,
        1,
        1,
        1,
        1,
        null,
        null,
        null,
        1,
        1,
        1,
        1,
        1,
        null,
        1,
        1,
        null,
        null,
        1,
        1,
        1,
        null,
        null,
        1,
        null,
        null,
        null
      ],
      "/Users/vhench/Documents/open-data-maker/spec/lib/data_magic/import_with_nested_files_spec.rb": [
        1,
        1,
        null,
        1,
        null,
        1,
        7,
        7,
        7,
        7,
        null,
        1,
        7,
        null,
        6,
        7,
        8,
        4,
        5,
        5,
        null,
        1,
        1,
        null,
        null,
        1,
        1,
        1,
        null,
        null,
        1,
        1,
        1,
        1,
        1,
        null,
        null,
        1,
        1,
        2,
        1,
        1,
        null,
        null,
        1,
        1,
        null,
        null,
        null,
        1,
        2,
        1,
        1,
        1,
        null,
        null,
        null,
        1,
        2,
        1,
        1,
        1,
        null,
        null,
        null
      ],
      "/Users/vhench/Documents/open-data-maker/spec/lib/data_magic/import_without_data_yaml_spec.rb": [
        1,
        1,
        null,
        1,
        1,
        1,
        1,
        1,
        1,
        null,
        null,
        1,
        1,
        1,
        1,
        1,
        1,
        null,
        null,
        null,
        null,
        1,
        1,
        null,
        1,
        null,
        null,
        null,
        null,
        null,
        null,
        null,
        null,
        1,
        1,
        1,
        1,
        1,
        null,
        1,
        1,
        1,
        null,
        null,
        1,
        null,
        1,
        null,
        null,
        null,
        1,
        null,
        null,
        1,
        1,
        null,
        null,
        1,
        1,
        1,
        null,
        null,
        null,
        null,
        null,
        null,
        null,
        null,
        null,
        null,
        null,
        null,
        null,
        null,
        null,
        null,
        null,
        1,
        null,
        null,
        null
      ],
      "/Users/vhench/Documents/open-data-maker/spec/lib/data_magic/index/document_builder_spec.rb": [
        1,
        1,
        1,
        null,
        1,
        26,
        20,
        21,
        25,
        1,
        24,
        null,
        null,
        null,
        null,
        null,
        25,
        null,
        1,
        1,
        null,
        null,
        1,
        24,
        24,
        null,
        null,
        null,
        1,
        1,
        2,
        2,
        1,
        null,
        null,
        null,
        1,
        null,
        1,
        1,
        1,
        null,
        null,
        2,
        2,
        null,
        1,
        null,
        null,
        1,
        1,
        1,
        null,
        null,
        2,
        2,
        null,
        null,
        1,
        null,
        null,
        null,
        null,
        1,
        1,
        1,
        1,
        null,
        2,
        2,
        1,
        null,
        null,
        1,
        1,
        1,
        null,
        2,
        2,
        1,
        null,
        null,
        1,
        1,
        1,
        1,
        1,
        null,
        2,
        2,
        null,
        null,
        1,
        null,
        null,
        1,
        1,
        6,
        6,
        6,
        6,
        null,
        null,
        null,
        null,
        null,
        null,
        1,
        3,
        2,
        1,
        1,
        null,
        null,
        null,
        1,
        null,
        null,
        1,
        2,
        2,
        1,
        null,
        null,
        1,
        2,
        2,
        1,
        null,
        null,
        1,
        2,
        2,
        1,
        null,
        null,
        1,
        2,
        2,
        1,
        null,
        null,
        null,
        null,
        1,
        1,
        2,
        2,
        2,
        2,
        null,
        null,
        null,
        null,
        null,
        null,
        null,
        1,
        2,
        2,
        1,
        null,
        null,
        1,
        2,
        2,
        1,
        null,
        null,
        null,
        1,
        1,
        2,
        2,
        2,
        2,
        null,
        null,
        null,
        null,
        null,
        null,
        null,
        1,
        2,
        2,
        1,
        null,
        null,
        1,
        2,
        2,
        1,
        null,
        null,
        null,
        null,
        null,
        1,
        1,
        1,
        null,
        2,
        1,
        2,
        2,
        1,
        null,
        null,
        null,
        1,
        1,
        2,
        2,
        2,
        2,
        null,
        null,
        null,
        null,
        null,
        null,
        1,
        2,
        2,
        1,
        null,
        null,
        1,
        2,
        2,
        1,
        null,
        null,
        1,
        1,
        2,
        null,
        null,
        null,
        null,
        null,
        null,
        null,
        3,
        null,
        1,
        2,
        2,
        2,
        1,
        null,
        null,
        1,
        2,
        2,
        2,
        1,
        null,
        null,
        null,
        1,
        1,
        1,
        null,
        null,
        null,
        null,
        null,
        null,
        null,
        null,
        2,
        null,
        1,
        2,
        null,
        null,
        null,
        2,
        2,
        1,
        null,
        null,
        null,
        1,
        1,
        1,
        null,
        null,
        null,
        null,
        null,
        null,
        null,
        null,
        null,
        null,
        null,
        null,
        null,
        2,
        null,
        1,
        1,
        null,
        1,
        null,
        null,
        null,
        null,
        null,
        null,
        2,
        2,
        1,
        null,
        null,
        null,
        1,
        1,
        2,
        null,
        null,
        1,
        2,
        2,
        1,
        null,
        null,
        1,
        2,
        2,
        1,
        null,
        null,
        null
      ],
      "/Users/vhench/Documents/open-data-maker/spec/lib/data_magic/index/document_spec.rb": [
        1,
        1,
        null,
        1,
        1,
        8,
        null,
        null,
        9,
        9,
        5,
        null,
        1,
        1,
        2,
        null,
        null,
        1,
        1,
        null,
        null,
        1,
        1,
        null,
        null,
        null,
        1,
        1,
        1,
        1,
        null,
        null,
        1,
        1,
        null,
        null,
        null,
        1,
        1,
        2,
        null,
        null,
        1,
        1,
        null,
        null,
        1,
        1,
        null,
        null,
        null,
        null,
        1,
        1,
        2,
        null,
        null,
        1,
        2,
        null,
        null,
        1,
        1,
        null,
        null,
        1,
        1,
        null,
        null,
        null
      ],
      "/Users/vhench/Documents/open-data-maker/spec/lib/data_magic/index/event_logger_spec.rb": [
        1,
        1,
        null,
        1,
        1,
        3,
        3,
        3,
        null,
        null,
        4,
        null,
        1,
        1,
        1,
        1,
        null,
        1,
        1,
        null,
        1,
        1,
        null,
        1,
        1,
        null,
        null,
        null,
        1,
        1,
        1,
        1,
        null,
        null,
        1,
        1,
        1,
        null,
        null,
        null
      ],
      "/Users/vhench/Documents/open-data-maker/spec/lib/data_magic/index/importer_spec.rb": [
        1,
        1,
        null,
        1,
        1,
        1,
        1,
        null,
        1,
        1,
        null,
        null,
        1,
        1,
        null,
        1,
        null,
        null,
        null,
        null,
        1,
        1,
        0,
        0,
        null,
        null
      ],
      "/Users/vhench/Documents/open-data-maker/spec/lib/data_magic/index/repository_spec.rb": [
        1,
        1,
        null,
        1,
        7,
        null,
        7,
        7,
        null,
        1,
        1,
        2,
        2,
        null,
        null,
        1,
        1,
        null,
        null,
        null,
        null,
        null,
        null,
        1,
        null,
        null,
        1,
        1,
        1,
        null,
        null,
        null,
        1,
        1,
        2,
        2,
        2,
        null,
        null,
        1,
        1,
        null,
        null,
        null,
        null,
        null,
        null,
        1,
        null,
        null,
        1,
        1,
        1,
        null,
        null,
        null,
        1,
        1,
        1,
        1,
        null,
        null,
        1,
        1,
        1,
        1,
        null,
        null,
        null,
        null,
        1,
        1,
        1,
        1,
        null,
        null,
        1,
        1,
        1,
        1,
        null,
        1,
        null,
        null,
        null
      ],
      "/Users/vhench/Documents/open-data-maker/spec/lib/data_magic/name_type_spec.rb": [
        1,
        1,
        null,
        1,
        null,
        1,
        4,
        4,
        4,
        null,
        1,
        4,
        null,
        null,
        1,
        1,
        2,
        1,
        null,
        null,
        null,
        1,
        1,
        1,
        1,
        null,
        null,
        null,
        1,
        1,
        1,
        1,
        null,
        null,
        null,
        1,
        1,
        2,
        1,
        null,
        null,
        null
      ],
      "/Users/vhench/Documents/open-data-maker/spec/lib/data_magic/query_builder_spec.rb": [
        1,
        1,
        1,
        null,
        1,
        null,
        1,
        38,
        38,
        38,
        38,
        null,
        null,
        1,
        38,
        null,
        null,
        1,
        1,
        null,
        null,
        15,
        27,
        39,
        null,
        1,
        19,
        19,
        null,
        19,
        117,
        null,
        null,
        null,
        1,
        3,
        2,
        1,
        null,
        null,
        1,
        3,
        2,
        1,
        null,
        null,
        1,
        3,
        2,
        1,
        null,
        null,
        1,
        1,
        2,
        null,
        3,
        2,
        1,
        null,
        null,
        1,
        1,
        2,
        null,
        3,
        2,
        1,
        null,
        null,
        1,
        3,
        3,
        1,
        1,
        null,
        null,
        null,
        null,
        null,
        1,
        null,
        null,
        1,
        3,
        3,
        2,
        2,
        1,
        null,
        null,
        1,
        3,
        3,
        2,
        2,
        1,
        null,
        null,
        1,
        1,
        2,
        2,
        null,
        3,
        3,
        2,
        1,
        null,
        1,
        null,
        null,
        null,
        null,
        null,
        null,
        1,
        null,
        null,
        1,
        3,
        3,
        2,
        1,
        null,
        1,
        null,
        null,
        null,
        null,
        null,
        null,
        1,
        null,
        null,
        1,
        3,
        3,
        2,
        1,
        null,
        1,
        null,
        null,
        null,
        null,
        null,
        null,
        null,
        null,
        1,
        null,
        null,
        1,
        1,
        3,
        2,
        1,
        null,
        null,
        1,
        3,
        2,
        1,
        null,
        null,
        1,
        3,
        2,
        1,
        null,
        null,
        1,
        3,
        1,
        1,
        null,
        null,
        null,
        null,
        null,
        1,
        null,
        null,
        null,
        1,
        3,
        2,
        1,
        null,
        null,
        1,
        1,
        2,
        null,
        null,
        null,
        null,
        null,
        null,
        null,
        null,
        1,
        3,
        1,
        null,
        1,
        3,
        1,
        null,
        null,
        null,
        1,
        3,
        1,
        1,
        null,
        null,
        null,
        null,
        null,
        null,
        null,
        null,
        null,
        null,
        null,
        1,
        null,
        null
      ],
      "/Users/vhench/Documents/open-data-maker/spec/lib/data_magic/search_name_spec.rb": [
        1,
        1,
        1,
        null,
        1,
        null,
        1,
        20,
        20,
        20,
        null,
        1,
        20,
        null,
        null,
        1,
        1,
        null,
        null,
        8,
        1,
        19,
        null,
        null,
        1,
        2,
        2,
        1,
        1,
        null,
        null,
        null,
        1,
        1,
        1,
        10,
        null,
        null,
        null,
        null,
        1,
        2,
        null,
        null,
        1,
        1,
        1,
        10,
        null,
        null,
        1,
        null,
        null,
        null,
        null,
        1,
        1,
        9,
        9,
        13,
        null,
        null,
        null,
        9,
        27,
        null,
        null,
        null,
        1,
        3,
        2,
        1,
        null,
        1,
        3,
        2,
        1,
        null,
        null,
        1,
        3,
        2,
        1,
        null,
        null,
        1,
        3,
        2,
        1,
        null,
        null,
        1,
        3,
        2,
        1,
        null,
        null,
        1,
        3,
        2,
        2,
        null,
        null,
        1,
        null,
        null,
        1,
        3,
        2,
        1,
        null,
        null,
        1,
        3,
        2,
        2,
        null,
        null,
        1,
        null,
        null,
        1,
        3,
        2,
        1,
        null,
        null,
        null,
        null,
        null,
        null,
        null
      ],
      "/Users/vhench/Documents/open-data-maker/spec/lib/data_magic/search_spec.rb": [
        1,
        1,
        1,
        null,
        1,
        1,
        null,
        9,
        null,
        null,
        null,
        null,
        null,
        null,
        null,
        null,
        1,
        1,
        1,
        1,
        1,
        1,
        1,
        null,
        1,
        1,
        1,
        null,
        null,
        1,
        1,
        1,
        null,
        1,
        null,
        null,
        1,
        1,
        1,
        null,
        1,
        null,
        null,
        1,
        1,
        1,
        1,
        null,
        1,
        null,
        1,
        null,
        null,
        null,
        1,
        1,
        1,
        1,
        1,
        null,
        null,
        1,
        1,
        null,
        null,
        1,
        1,
        1,
        null,
        null,
        1,
        1,
        4,
        1,
        null,
        null,
        1,
        1,
        1,
        null,
        null,
        null,
        null,
        4,
        1,
        1,
        null,
        null,
        null,
        1,
        1,
        1,
        1,
        1,
        null,
        null,
        1,
        1,
        null,
        null,
        2,
        2,
        null,
        1,
        1,
        1,
        1,
        null,
        null,
        1,
        1,
        1,
        1,
        null,
        null,
        null,
        null,
        1,
        1,
        1,
        1,
        1,
        1,
        1,
        1,
        1,
        null,
        1,
        1,
        null,
        null,
        1,
        1,
        1,
        1,
        null,
        null,
        null,
        null,
        null,
        null,
        1,
        1,
        1,
        1,
        1,
        1,
        null,
        1,
        1,
        1,
        null,
        null,
        1,
        1,
        1,
        null,
        1,
        null,
        1,
        1,
        null,
        null,
        null,
        null,
        1,
        null,
        null,
        1,
        1,
        1,
        1,
        null,
        1,
        1,
        null,
        null,
        null,
        null,
        null,
        null,
        null,
        1,
        1,
        null,
        null,
        null,
        1,
        1,
        1,
        1,
        1,
        1,
        1,
        null,
        null,
        1,
        null,
        1,
        1,
        1,
        null,
        null,
        1,
        1,
        1,
        1,
        1,
        3,
        1,
        null,
        null,
        null,
        1,
        1,
        null,
        null,
        1,
        1,
        1,
        1,
        1,
        null,
        null,
        1,
        1,
        1,
        1,
        1,
        1,
        1,
        1,
        1,
        1,
        null,
        null,
        null,
        null,
        1,
        1,
        2,
        2,
        null,
        1,
        2,
        null,
        null,
        1,
        1,
        1,
        null,
        null,
        1,
        1,
        1,
        1,
        1,
        1,
        null,
        null,
        null,
        1,
        1,
        3,
        3,
        null,
        null,
        1,
        3,
        null,
        null,
        1,
        1,
        1,
        1,
        1,
        1,
        1,
        null,
        null,
        1,
        1,
        1,
        1,
        1,
        1,
        null,
        null,
        null,
        1,
        1,
        1,
        1,
        1,
        1,
        null,
        null,
        null,
        null,
        null
      ],
      "/Users/vhench/Documents/open-data-maker/spec/lib/data_magic_spec.rb": [
        1,
        1,
        1,
        null,
        1,
        1,
        1,
        1,
        1,
        null,
        null,
        null,
        1,
        1,
        1,
        null,
        null,
        null,
        null,
        1,
        1,
        1,
        null,
        null,
        null,
        null,
        null,
        null,
        null
      ],
      "/Users/vhench/Documents/open-data-maker/spec/lib/expression/eval_spec.rb": [
        1,
        1,
        null,
        1,
        null,
        7,
        7,
        7,
        null,
        1,
        1,
        null,
        null,
        null,
        null,
        1,
        1,
        1,
        null,
        null,
        null,
        null,
        1,
        1,
        null,
        null,
        null,
        null,
        null,
        1,
        1,
        null,
        null,
        null,
        null,
        1,
        1,
        1,
        null,
        null,
        null,
        null,
        1,
        1,
        null,
        null,
        null,
        null,
        null
      ],
      "/Users/vhench/Documents/open-data-maker/spec/lib/expression/parser_spec.rb": [
        1,
        null,
        1,
        null,
        8,
        1,
        1,
        1,
        null,
        1,
        1,
        null,
        1,
        1,
        null,
        null,
        null,
        1,
        1,
        null,
        null,
        null,
        null,
        1,
        1,
        null,
        null,
        null,
        null,
        1,
        1,
        1,
        null,
        null,
        null,
        null,
        null,
        1,
        1,
        null,
        null,
        null,
        null,
        null,
        null,
        null,
        null,
        null,
        null,
        null
      ],
      "/Users/vhench/Documents/open-data-maker/spec/lib/expression/variables_spec.rb": [
        1,
        1,
        null,
        1,
        null,
        4,
        4,
        1,
        1,
        null,
        1,
        1,
        null,
        1,
        1,
        null,
        null,
        null
      ],
      "/Users/vhench/Documents/open-data-maker/spec/lib/expression_spec.rb": [
        1,
        null,
        1,
        1,
        1,
        1,
        1,
        null,
        null,
        1,
        1,
        1,
        1,
        null,
        null,
        1,
        1,
        1,
        1,
        null,
        null,
        1,
        1,
        1,
        1,
        null,
        null,
        1,
        1,
        1,
        1,
        null,
        null,
        1,
        1,
        1,
        1,
        null,
        null,
        1,
        1,
        1,
        1,
        null,
        null,
        1,
        1,
        1,
        1,
        null,
        null,
        1,
        1,
        1,
        1,
        null,
        null,
        null
      ],
      "/Users/vhench/Documents/open-data-maker/spec/lib/nested_hash_spec.rb": [
        1,
        null,
        1,
        7,
        4,
        2,
        null,
        2,
        2,
        null,
        null,
        1,
        1,
        1,
        null,
        null,
        1,
        1,
        null,
        null,
        1,
        6,
        1,
        1,
        null,
        null,
        1,
        1,
        null,
        null,
        1,
        1,
        null,
        null,
        1,
        1,
        null,
        null,
        1,
        1,
        1,
        null,
        null,
        null,
        null,
        1,
        1,
        1,
        null,
        null,
        1,
        2,
        2,
        null,
        1,
        1,
        1,
        null,
        null,
        null,
        null,
        null
      ],
      "/Users/vhench/Documents/open-data-maker/spec/lib/zipcode_spec.rb": [
        1,
        null,
        1,
        1,
        1,
        1,
        null,
        1,
        1,
        1,
        null,
        null,
        1,
        1,
        1,
        null,
        1,
        1,
        null,
        null,
        null
      ],
      "/Users/vhench/Documents/open-data-maker/config/boot.rb": [
        1,
        null,
        null,
        null,
        null,
        null,
        null,
        null,
        null,
        null,
        null,
        null,
        null,
        null,
        null,
        null,
        null,
        null,
        null,
        null,
        null,
        null,
        null,
        null,
        null,
        null,
        null,
        null,
        null,
        1,
        null,
        null,
        null,
        null,
        null,
        1,
        null,
        null,
        1
      ],
      "/Users/vhench/Documents/open-data-maker/lib/sass_initializer.rb": [
        1,
        1,
        null,
        null,
        null,
        1,
        1,
        1,
        1,
        null,
        null
      ],
      "/Users/vhench/Documents/open-data-maker/lib/data_magic/index/row_bulk_importer.rb": [
        1,
        null,
        1,
        1,
        1,
        1,
        null,
        1,
        0,
        0,
        null,
        null,
        1,
        0,
        0,
        0,
        0,
        0,
        null,
        null,
        1,
        0,
        null,
        null,
        1,
        0,
        null,
        null,
        1,
        null,
        1,
        0,
        0,
        null,
        0,
        0,
        0,
        0,
        null,
        null,
        null,
        1,
        0,
        null,
        null,
        1,
        0,
        null,
        null,
        1,
        0,
        0,
        null,
        null,
        1,
        0,
        0,
        null,
        null,
        1,
        0,
        null,
        null,
        1,
        null,
        1,
        null,
        1,
        0,
        null,
        null,
        null,
        null
      ],
      "/Users/vhench/Documents/open-data-maker/config/apps.rb": [
        null,
        null,
        null,
        null,
        null,
        null,
        null,
        null,
        null,
        null,
        null,
        null,
        null,
        null,
        null,
        null,
        null,
        null,
        null,
        null,
        null,
        null,
        null,
        null,
        null,
        null,
        null,
        1,
        null,
        1,
        1,
        1,
        null,
        1,
        null,
        null,
        null,
        null,
        1,
        0,
        0,
        null,
        null,
        null,
        1
      ],
      "/Users/vhench/Documents/open-data-maker/app/app.rb": [
        1,
        null,
        1,
        1,
        1,
        1,
        null,
        null,
        1,
        null,
        null,
        1,
        null,
        1,
        0,
        0,
        0,
        0,
        null,
        null,
        null,
        null,
        1,
        1,
        null,
        0,
        null,
        null,
        null,
        null,
        null
      ]
    },
    "timestamp": 1570121773
  }
}
